<?xml version="1.0" encoding="UTF-8"?>
<!-- Generated by org.testng.reporters.JUnitReportReporter -->
<testsuite hostname="kumaranrmk-PC" name="com.hybridframework.scripts.TestCreateCustomer" tests="1" failures="0" timestamp="11 Mar 2020 11:30:51 GMT" time="69.145" errors="0">
  <testcase name="test_CreateCustomerModule" time="69.145" classname="com.hybridframework.scripts.TestCreateCustomer"/>
</testsuite> <!-- com.hybridframework.scripts.TestCreateCustomer -->
